Rasa process starting
Added 'nlp_spacy' to component cache. Key 'nlp_spacy-en'.
Restoring parameters from models/nlu/default/latest_nlu/intent_classifier_tensorflow_embedding.ckpt
/home/tarun.bhavnani/anaconda3/envs/rasa5/lib/python3.5/site-packages/pykwalify/core.py:99: UnsafeLoaderWarning: 
The default 'Loader' for 'load(stream)' without further arguments can be unsafe.
Use 'load(stream, Loader=ruamel.yaml.Loader)' explicitly if that is OK.
Alternatively include the following in your code:

  import warnings
  warnings.simplefilter('ignore', ruamel.yaml.error.UnsafeLoaderWarning)

In most other cases you should consider using 'safe_load(stream)'
  data = yaml.load(stream)

Rasa Core server is up and running on http://localhost:5005
Couldn't create message for template 'utter_howr'.
Rasa process starting
Added 'nlp_spacy' to component cache. Key 'nlp_spacy-en'.
Restoring parameters from models/nlu/default/latest_nlu/intent_classifier_tensorflow_embedding.ckpt
/home/tarun.bhavnani/anaconda3/envs/rasa5/lib/python3.5/site-packages/pykwalify/core.py:99: UnsafeLoaderWarning: 
The default 'Loader' for 'load(stream)' without further arguments can be unsafe.
Use 'load(stream, Loader=ruamel.yaml.Loader)' explicitly if that is OK.
Alternatively include the following in your code:

  import warnings
  warnings.simplefilter('ignore', ruamel.yaml.error.UnsafeLoaderWarning)

In most other cases you should consider using 'safe_load(stream)'
  data = yaml.load(stream)

Rasa Core server is up and running on http://localhost:5005
